<?xml version="1.0" encoding="UTF-8"?>
<!-- Generated by org.testng.reporters.JUnitXMLReporter -->
<testsuite ignored="2" hostname="LAPTOP-FG6TU5Q7" failures="0" tests="4" name="Test2" time="22.85" errors="0" timestamp="2025-07-29T19:43:19 IST">
  <testcase classname="Product.ProductTest" name="ProductWithMandatoryfieldTest" time="0.001">
    <skipped/>
  </testcase> <!-- ProductWithMandatoryfieldTest -->
  <testcase classname="Campaign.CampaignTest" name="CreateCampaignWithExpectedDateTest" time="0.0">
    <skipped/>
  </testcase> <!-- CreateCampaignWithExpectedDateTest -->
  <testcase classname="Campaign.CampaignTest" name="CreateCampaignWithMandatoryfieldTest" time="0.001">
    <skipped/>
  </testcase> <!-- CreateCampaignWithMandatoryfieldTest -->
  <testcase classname="Campaign.CampaignTest" name="CreateCampaignWithStatusTest" time="0.001">
    <skipped/>
  </testcase> <!-- CreateCampaignWithStatusTest -->
  <testcase classname="BaseTest.BaseClass" name="@AfterSuite AfterSuite" time="0.0">
    <ignored/>
  </testcase> <!-- @AfterSuite AfterSuite -->
  <testcase classname="BaseTest.BaseClass" name="@BeforeSuite BeforeSuite" time="0.0">
    <ignored/>
  </testcase> <!-- @BeforeSuite BeforeSuite -->
</testsuite> <!-- Test2 -->
