<?xml version="1.0" encoding="UTF-8"?>
<testng-results ignored="0" total="1" passed="1" failed="0" skipped="0">
  <reporter-output>
  </reporter-output>
  <suite started-at="2025-08-04T20:34:01 IST" name="Default suite" finished-at="2025-08-04T20:34:01 IST" duration-ms="153">
    <groups>
    </groups>
    <test started-at="2025-08-04T20:34:01 IST" name="Default test" finished-at="2025-08-04T20:34:01 IST" duration-ms="153">
      <class name="dailypratice.Readfromcmd">
        <test-method signature="readfromcmd1()[pri:0, instance:dailypratice.Readfromcmd@3c19aaa5]" started-at="2025-08-04T20:34:01 IST" name="readfromcmd1" finished-at="2025-08-04T20:34:01 IST" duration-ms="32" status="PASS">
          <reporter-output>
          </reporter-output>
        </test-method> <!-- readfromcmd1 -->
      </class> <!-- dailypratice.Readfromcmd -->
    </test> <!-- Default test -->
  </suite> <!-- Default suite -->
</testng-results>
